{
  "RSpec": {
    "coverage": {
      "/home/zepeda/Documentos/contalink/app/jobs/reports/sells/top_daily_report_job.rb": {
        "lines": [
          null,
          null,
          1,
          null,
          1,
          null,
          1,
          1,
          1,
          null,
          1,
          2,
          null,
          null,
          null,
          null,
          1,
          null,
          1,
          2,
          null,
          null,
          null,
          null,
          null,
          null,
          null,
          null,
          null
        ]
      },
      "/home/zepeda/Documentos/contalink/app/jobs/application_job.rb": {
        "lines": [
          null,
          null,
          null,
          1,
          null,
          null,
          null,
          null,
          null,
          null
        ]
      },
      "/home/zepeda/Documentos/contalink/lib/auth/jwt_service.rb": {
        "lines": [
          null,
          null,
          1,
          null,
          1,
          1,
          null,
          1,
          1,
          null,
          null,
          1,
          8,
          6,
          null,
          2,
          null,
          null,
          null
        ]
      },
      "/home/zepeda/Documentos/contalink/lib/cache/base.rb": {
        "lines": [
          null,
          null,
          1,
          null,
          1,
          1,
          1,
          1,
          null,
          null,
          1,
          1,
          null,
          null,
          1,
          1,
          null,
          null,
          1,
          1,
          null,
          null,
          1,
          12,
          10,
          10,
          null,
          10,
          null,
          10,
          8,
          12,
          null,
          null,
          null,
          null,
          1,
          null,
          1,
          12,
          12,
          null,
          1,
          null,
          null,
          null,
          null
        ]
      },
      "/home/zepeda/Documentos/contalink/lib/cache/invoice.rb": {
        "lines": [
          null,
          null,
          1,
          null,
          1,
          1,
          1,
          null,
          1,
          10,
          null,
          null,
          1,
          8,
          null,
          null,
          1,
          10,
          null,
          null,
          1,
          12,
          null,
          null,
          null,
          null
        ]
      },
      "/home/zepeda/Documentos/contalink/app/mailers/reports/sells/top_daily_report_mailer.rb": {
        "lines": [
          null,
          null,
          1,
          null,
          1,
          null,
          1,
          1,
          4,
          null,
          null,
          4,
          null,
          4,
          null,
          null,
          null,
          null,
          null,
          null,
          null
        ]
      },
      "/home/zepeda/Documentos/contalink/app/mailers/application_mailer.rb": {
        "lines": [
          null,
          null,
          null,
          1,
          1,
          1,
          1,
          null
        ]
      },
      "/home/zepeda/Documentos/contalink/app/models/invoice.rb": {
        "lines": [
          null,
          null,
          null,
          1,
          1,
          1,
          1,
          null,
          3,
          null
        ]
      },
      "/home/zepeda/Documentos/contalink/app/models/application_record.rb": {
        "lines": [
          null,
          null,
          null,
          1,
          1,
          null
        ]
      },
      "/home/zepeda/Documentos/contalink/app/validators/date_range.rb": {
        "lines": [
          null,
          null,
          null,
          1,
          1,
          null,
          1,
          null,
          1,
          1,
          1,
          null,
          1,
          null,
          1,
          23,
          19,
          null,
          9,
          null,
          null,
          1,
          23,
          null,
          19,
          null,
          3,
          null,
          null
        ]
      },
      "/home/zepeda/Documentos/contalink/app/controllers/internal/v1/invoices_controller.rb": {
        "lines": [
          null,
          null,
          1,
          null,
          1,
          null,
          1,
          1,
          5,
          null,
          null,
          1,
          null,
          1,
          5,
          null,
          null,
          null,
          null,
          null,
          1,
          10,
          null,
          null,
          null,
          null
        ]
      },
      "/home/zepeda/Documentos/contalink/app/controllers/internal/v1/base_controller.rb": {
        "lines": [
          null,
          null,
          1,
          null,
          1,
          null,
          1,
          null,
          null,
          null
        ]
      },
      "/home/zepeda/Documentos/contalink/app/controllers/internal/base_controller.rb": {
        "lines": [
          null,
          null,
          1,
          null,
          1,
          1,
          null,
          1,
          null,
          1,
          6,
          6,
          6,
          null,
          6,
          null,
          1,
          null,
          null,
          1,
          null,
          1,
          6,
          null,
          null,
          null
        ]
      },
      "/home/zepeda/Documentos/contalink/app/controllers/application_controller.rb": {
        "lines": [
          null,
          null,
          null,
          1,
          1,
          1,
          null,
          1,
          null,
          1,
          1,
          null,
          null,
          1,
          1,
          null,
          null
        ]
      },
      "/home/zepeda/Documentos/contalink/app/errors/unauthorized_request.rb": {
        "lines": [
          null,
          null,
          null,
          1
        ]
      },
      "/home/zepeda/Documentos/contalink/app/controllers/concerns/api_pagination.rb": {
        "lines": [
          null,
          null,
          null,
          1,
          1,
          null,
          1,
          1,
          null,
          null,
          1,
          null,
          1,
          4,
          null,
          4,
          null,
          null
        ]
      }
    },
    "timestamp": 1756486410
  }
}
